Using pre-set license
Built from '2020.3/staging' branch; Version is '2020.3.6f1 (338bb68529b2) revision 3378102'; Using compiler version '192528614'; Build Type 'Release'
OS: 'Windows 10 Home; OS build 19043.1466; Version 2009; 64bit' Language: 'tr' Physical Memory: 16252 MB
BatchMode: 1, IsHumanControllingUs: 0, StartBugReporterOnCrash: 0, Is64bit: 1, IsPro: 0

 COMMAND LINE ARGUMENTS:
C:\Program Files\Unity\Editor\Unity.exe
-adb2
-batchMode
-noUpm
-name
AssetImportWorker0
-projectPath
C:/Users/user/SpaceShooter v2.0
-logFile
Logs/AssetImportWorker0.log
-srvPort
1042
Successfully changed project path to: C:/Users/user/SpaceShooter v2.0
C:/Users/user/SpaceShooter v2.0
Using Asset Import Pipeline V2.
Refreshing native plugins compatible for Editor in 22.27 ms, found 0 plugins.
Preloading 0 native plugins for Editor in 0.00 ms.
Initialize engine version: 2020.3.6f1 (338bb68529b2)
[Subsystems] Discovering subsystems at path C:/Program Files/Unity/Editor/Data/Resources/UnitySubsystems
[Subsystems] Discovering subsystems at path C:/Users/user/SpaceShooter v2.0/Assets
GfxDevice: creating device client; threaded=0
Direct3D:
    Version:  Direct3D 11.0 [level 11.1]
    Renderer: NVIDIA GeForce GTX 1080 (ID=0x1b80)
    Vendor:   
    VRAM:     8079 MB
    Driver:   30.0.15.1123
Initialize mono
Mono path[0] = 'C:/Program Files/Unity/Editor/Data/Managed'
Mono path[1] = 'C:/Program Files/Unity/Editor/Data/MonoBleedingEdge/lib/mono/unityjit'
Mono config path = 'C:/Program Files/Unity/Editor/Data/MonoBleedingEdge/etc'
Using monoOptions --debugger-agent=transport=dt_socket,embedding=1,server=y,suspend=n,address=127.0.0.1:56908
Begin MonoManager ReloadAssembly
Registering precompiled unity dll's ...
Register platform support module: C:/Program Files/Unity/Editor/Data/PlaybackEngines/WindowsStandaloneSupport/UnityEditor.WindowsStandalone.Extensions.dll
Registered in 0.002283 seconds.
Native extension for WindowsStandalone target not found
Refreshing native plugins compatible for Editor in 23.74 ms, found 0 plugins.
Preloading 0 native plugins for Editor in 0.00 ms.
Mono: successfully reloaded assembly
- Completed reload, in  0.992 seconds
Platform modules already initialized, skipping
Registering precompiled user dll's ...
Registered in 0.000815 seconds.
Begin MonoManager ReloadAssembly
Native extension for WindowsStandalone target not found
Refreshing native plugins compatible for Editor in 0.38 ms, found 0 plugins.
Preloading 0 native plugins for Editor in 0.00 ms.
Mono: successfully reloaded assembly
- Completed reload, in  0.760 seconds
Platform modules already initialized, skipping
========================================================================
Worker process is ready to serve import requests
Launched and connected shader compiler UnityShaderCompiler.exe after 0.05 seconds
Refreshing native plugins compatible for Editor in 0.21 ms, found 0 plugins.
Preloading 0 native plugins for Editor in 0.00 ms.
Unloading 1120 Unused Serialized files (Serialized files now loaded: 0)
System memory in use before: 57.8 MB.
System memory in use after: 57.9 MB.

Unloading 10 unused Assets to reduce memory usage. Loaded Objects now: 1562.
Total: 1.507400 ms (FindLiveObjects: 0.116300 ms CreateObjectMapping: 0.033600 ms MarkObjects: 1.294900 ms  DeleteObjects: 0.061900 ms)

========================================================================
Received Import Request.
  path: Assets/2D Galaxy Assets/Game/Sprites/Power_Ups
  artifactKey: Guid(15e082f9a66c7c742ab23a9428cc55c7) Importer(815301076,1909f56bfc062723c751e8b465ee728b)
Start importing Assets/2D Galaxy Assets/Game/Sprites/Power_Ups using Guid(15e082f9a66c7c742ab23a9428cc55c7) Importer(815301076,1909f56bfc062723c751e8b465ee728b)  -> (artifact id: '6d3231333d315523e768def5af4753d1') in 0.005138 seconds
  Import took 0.006778 seconds .

========================================================================
Received Import Request.
  Time since last request: 0.000409 seconds.
  path: Assets/2D Galaxy Assets/Game/Sprites/Power_Ups/Triple_Shot
  artifactKey: Guid(48743e3ff55e2984ea19fb29894f4d3f) Importer(815301076,1909f56bfc062723c751e8b465ee728b)
Start importing Assets/2D Galaxy Assets/Game/Sprites/Power_Ups/Triple_Shot using Guid(48743e3ff55e2984ea19fb29894f4d3f) Importer(815301076,1909f56bfc062723c751e8b465ee728b)  -> (artifact id: 'e91e701659eef09c569b89805338a831') in 0.002729 seconds
  Import took 0.004362 seconds .

========================================================================
Received Import Request.
  Time since last request: 0.751016 seconds.
  path: Assets/2D Galaxy Assets/Game/Sprites/Power_Ups/Triple_Shot/Powerup3_0008_00000.png
  artifactKey: Guid(ed6681d697652144a913093bf7ad1d43) Importer(815301076,1909f56bfc062723c751e8b465ee728b)
Start importing Assets/2D Galaxy Assets/Game/Sprites/Power_Ups/Triple_Shot/Powerup3_0008_00000.png using Guid(ed6681d697652144a913093bf7ad1d43) Importer(815301076,1909f56bfc062723c751e8b465ee728b)  -> (artifact id: 'e59f2fcbdfbf5f6c2ca786683210c9f5') in 0.195557 seconds
  Import took 0.197466 seconds .

========================================================================
Received Import Request.
  Time since last request: 121.803365 seconds.
  path: Assets/Scripts/TSBeh.cs
  artifactKey: Guid(61610e0de1cdb9c428d40f574b311076) Importer(815301076,1909f56bfc062723c751e8b465ee728b)
Start importing Assets/Scripts/TSBeh.cs using Guid(61610e0de1cdb9c428d40f574b311076) Importer(815301076,1909f56bfc062723c751e8b465ee728b)  -> (artifact id: '8d6a6a36ca7ce890593289d4638a0676') in 0.006689 seconds
  Import took 0.008382 seconds .

========================================================================
Received Prepare
Registering precompiled user dll's ...
Registered in 0.001080 seconds.
Begin MonoManager ReloadAssembly
Native extension for WindowsStandalone target not found
Refreshing native plugins compatible for Editor in 0.25 ms, found 0 plugins.
Preloading 0 native plugins for Editor in 0.00 ms.
Mono: successfully reloaded assembly
- Completed reload, in  0.788 seconds
Platform modules already initialized, skipping
Refreshing native plugins compatible for Editor in 0.26 ms, found 0 plugins.
Preloading 0 native plugins for Editor in 0.00 ms.
Unloading 1115 Unused Serialized files (Serialized files now loaded: 0)
System memory in use before: 60.8 MB.
System memory in use after: 60.8 MB.

Unloading 5 unused Assets to reduce memory usage. Loaded Objects now: 1572.
Total: 1.666700 ms (FindLiveObjects: 0.136700 ms CreateObjectMapping: 0.030100 ms MarkObjects: 1.459400 ms  DeleteObjects: 0.039400 ms)

========================================================================
Received Prepare
Registering precompiled user dll's ...
Registered in 0.000830 seconds.
Begin MonoManager ReloadAssembly
Native extension for WindowsStandalone target not found
Refreshing native plugins compatible for Editor in 0.23 ms, found 0 plugins.
Preloading 0 native plugins for Editor in 0.00 ms.
Mono: successfully reloaded assembly
- Completed reload, in  0.771 seconds
Platform modules already initialized, skipping
Refreshing native plugins compatible for Editor in 0.22 ms, found 0 plugins.
Preloading 0 native plugins for Editor in 0.00 ms.
Unloading 1115 Unused Serialized files (Serialized files now loaded: 0)
System memory in use before: 60.8 MB.
System memory in use after: 60.9 MB.

Unloading 5 unused Assets to reduce memory usage. Loaded Objects now: 1575.
Total: 1.569500 ms (FindLiveObjects: 0.188400 ms CreateObjectMapping: 0.032800 ms MarkObjects: 1.306200 ms  DeleteObjects: 0.040400 ms)

========================================================================
Received Prepare
Registering precompiled user dll's ...
Registered in 0.001107 seconds.
Begin MonoManager ReloadAssembly
Native extension for WindowsStandalone target not found
Refreshing native plugins compatible for Editor in 0.23 ms, found 0 plugins.
Preloading 0 native plugins for Editor in 0.00 ms.
Mono: successfully reloaded assembly
- Completed reload, in  0.728 seconds
Platform modules already initialized, skipping
Refreshing native plugins compatible for Editor in 0.22 ms, found 0 plugins.
Preloading 0 native plugins for Editor in 0.00 ms.
Unloading 1115 Unused Serialized files (Serialized files now loaded: 0)
System memory in use before: 60.8 MB.
System memory in use after: 60.9 MB.

Unloading 5 unused Assets to reduce memory usage. Loaded Objects now: 1578.
Total: 1.358500 ms (FindLiveObjects: 0.111900 ms CreateObjectMapping: 0.030600 ms MarkObjects: 1.176500 ms  DeleteObjects: 0.038500 ms)

========================================================================
Received Prepare
Registering precompiled user dll's ...
Registered in 0.000825 seconds.
Begin MonoManager ReloadAssembly
Native extension for WindowsStandalone target not found
Refreshing native plugins compatible for Editor in 0.34 ms, found 0 plugins.
Preloading 0 native plugins for Editor in 0.00 ms.
Mono: successfully reloaded assembly
- Completed reload, in  0.752 seconds
Platform modules already initialized, skipping
Refreshing native plugins compatible for Editor in 0.24 ms, found 0 plugins.
Preloading 0 native plugins for Editor in 0.00 ms.
Unloading 1115 Unused Serialized files (Serialized files now loaded: 0)
System memory in use before: 60.8 MB.
System memory in use after: 60.9 MB.

Unloading 5 unused Assets to reduce memory usage. Loaded Objects now: 1581.
Total: 1.653000 ms (FindLiveObjects: 0.128200 ms CreateObjectMapping: 0.034300 ms MarkObjects: 1.445600 ms  DeleteObjects: 0.043300 ms)

========================================================================
Received Import Request.
  Time since last request: 356.650229 seconds.
  path: Assets/Objects/Enemy.prefab
  artifactKey: Guid(6dd232494219f2e46b01133e9be3b8b4) Importer(815301076,1909f56bfc062723c751e8b465ee728b)
Start importing Assets/Objects/Enemy.prefab using Guid(6dd232494219f2e46b01133e9be3b8b4) Importer(815301076,1909f56bfc062723c751e8b465ee728b)  -> (artifact id: 'c5af30914037e77ab38c733741a4839c') in 0.054489 seconds
  Import took 0.056945 seconds .

========================================================================
Received Import Request.
  Time since last request: 3.954141 seconds.
  path: Assets/Objects/Enemy.prefab
  artifactKey: Guid(6dd232494219f2e46b01133e9be3b8b4) Importer(815301076,1909f56bfc062723c751e8b465ee728b)
Start importing Assets/Objects/Enemy.prefab using Guid(6dd232494219f2e46b01133e9be3b8b4) Importer(815301076,1909f56bfc062723c751e8b465ee728b)  -> (artifact id: 'bb19a264693eb3ead5be1f1741b77b2f') in 0.008635 seconds
  Import took 0.010685 seconds .

========================================================================
Received Prepare
Registering precompiled user dll's ...
Registered in 0.000847 seconds.
Begin MonoManager ReloadAssembly
Native extension for WindowsStandalone target not found
Refreshing native plugins compatible for Editor in 0.21 ms, found 0 plugins.
Preloading 0 native plugins for Editor in 0.00 ms.
Mono: successfully reloaded assembly
- Completed reload, in  0.689 seconds
Platform modules already initialized, skipping
Refreshing native plugins compatible for Editor in 0.29 ms, found 0 plugins.
Preloading 0 native plugins for Editor in 0.00 ms.
Unloading 1115 Unused Serialized files (Serialized files now loaded: 0)
System memory in use before: 60.9 MB.
System memory in use after: 60.9 MB.

Unloading 5 unused Assets to reduce memory usage. Loaded Objects now: 1588.
Total: 1.472400 ms (FindLiveObjects: 0.118900 ms CreateObjectMapping: 0.029600 ms MarkObjects: 1.279600 ms  DeleteObjects: 0.043400 ms)

========================================================================
Received Prepare
Registering precompiled user dll's ...
Registered in 0.000874 seconds.
Begin MonoManager ReloadAssembly
Native extension for WindowsStandalone target not found
Refreshing native plugins compatible for Editor in 0.21 ms, found 0 plugins.
Preloading 0 native plugins for Editor in 0.00 ms.
Mono: successfully reloaded assembly
- Completed reload, in  0.693 seconds
Platform modules already initialized, skipping
Refreshing native plugins compatible for Editor in 0.22 ms, found 0 plugins.
Preloading 0 native plugins for Editor in 0.00 ms.
Unloading 1115 Unused Serialized files (Serialized files now loaded: 0)
System memory in use before: 60.9 MB.
System memory in use after: 60.9 MB.

Unloading 5 unused Assets to reduce memory usage. Loaded Objects now: 1591.
Total: 1.864500 ms (FindLiveObjects: 0.302000 ms CreateObjectMapping: 0.061200 ms MarkObjects: 1.454000 ms  DeleteObjects: 0.044900 ms)

========================================================================
Received Import Request.
  Time since last request: 84.786589 seconds.
  path: Assets/Objects/TripleShotPowerUp.prefab
  artifactKey: Guid(e8f6e35a23b556d47a582f22e114b0f8) Importer(815301076,1909f56bfc062723c751e8b465ee728b)
Start importing Assets/Objects/TripleShotPowerUp.prefab using Guid(e8f6e35a23b556d47a582f22e114b0f8) Importer(815301076,1909f56bfc062723c751e8b465ee728b)  -> (artifact id: '366881a6d6a8ba7505ca5d5a180ad657') in 0.050023 seconds
  Import took 0.052583 seconds .

========================================================================
Received Prepare
Registering precompiled user dll's ...
Registered in 0.000836 seconds.
Begin MonoManager ReloadAssembly
Native extension for WindowsStandalone target not found
Refreshing native plugins compatible for Editor in 0.22 ms, found 0 plugins.
Preloading 0 native plugins for Editor in 0.00 ms.
Mono: successfully reloaded assembly
- Completed reload, in  0.680 seconds
Platform modules already initialized, skipping
Refreshing native plugins compatible for Editor in 0.24 ms, found 0 plugins.
Preloading 0 native plugins for Editor in 0.00 ms.
Unloading 1115 Unused Serialized files (Serialized files now loaded: 0)
System memory in use before: 60.9 MB.
System memory in use after: 61.0 MB.

Unloading 5 unused Assets to reduce memory usage. Loaded Objects now: 1595.
Total: 1.380800 ms (FindLiveObjects: 0.118200 ms CreateObjectMapping: 0.032000 ms MarkObjects: 1.189000 ms  DeleteObjects: 0.040600 ms)

========================================================================
Received Prepare
Registering precompiled user dll's ...
Registered in 0.000796 seconds.
Begin MonoManager ReloadAssembly
Native extension for WindowsStandalone target not found
Refreshing native plugins compatible for Editor in 0.40 ms, found 0 plugins.
Preloading 0 native plugins for Editor in 0.00 ms.
Mono: successfully reloaded assembly
- Completed reload, in  0.773 seconds
Platform modules already initialized, skipping
Refreshing native plugins compatible for Editor in 0.29 ms, found 0 plugins.
Preloading 0 native plugins for Editor in 0.00 ms.
Unloading 1115 Unused Serialized files (Serialized files now loaded: 0)
System memory in use before: 60.9 MB.
System memory in use after: 61.0 MB.

Unloading 5 unused Assets to reduce memory usage. Loaded Objects now: 1598.
Total: 1.736600 ms (FindLiveObjects: 0.152900 ms CreateObjectMapping: 0.040700 ms MarkObjects: 1.481300 ms  DeleteObjects: 0.060600 ms)

========================================================================
Received Prepare
Registering precompiled user dll's ...
Registered in 0.000840 seconds.
Begin MonoManager ReloadAssembly
Native extension for WindowsStandalone target not found
Refreshing native plugins compatible for Editor in 0.21 ms, found 0 plugins.
Preloading 0 native plugins for Editor in 0.00 ms.
Mono: successfully reloaded assembly
- Completed reload, in  0.682 seconds
Platform modules already initialized, skipping
Refreshing native plugins compatible for Editor in 0.21 ms, found 0 plugins.
Preloading 0 native plugins for Editor in 0.00 ms.
Unloading 1115 Unused Serialized files (Serialized files now loaded: 0)
System memory in use before: 60.9 MB.
System memory in use after: 61.0 MB.

Unloading 5 unused Assets to reduce memory usage. Loaded Objects now: 1601.
Total: 1.598900 ms (FindLiveObjects: 0.202000 ms CreateObjectMapping: 0.055500 ms MarkObjects: 1.292100 ms  DeleteObjects: 0.048000 ms)

========================================================================
Received Prepare
Registering precompiled user dll's ...
Registered in 0.000789 seconds.
Begin MonoManager ReloadAssembly
Native extension for WindowsStandalone target not found
Refreshing native plugins compatible for Editor in 0.22 ms, found 0 plugins.
Preloading 0 native plugins for Editor in 0.00 ms.
Mono: successfully reloaded assembly
- Completed reload, in  0.680 seconds
Platform modules already initialized, skipping
Refreshing native plugins compatible for Editor in 0.23 ms, found 0 plugins.
Preloading 0 native plugins for Editor in 0.00 ms.
Unloading 1115 Unused Serialized files (Serialized files now loaded: 0)
System memory in use before: 60.9 MB.
System memory in use after: 61.0 MB.

Unloading 5 unused Assets to reduce memory usage. Loaded Objects now: 1604.
Total: 1.671300 ms (FindLiveObjects: 0.190900 ms CreateObjectMapping: 0.059100 ms MarkObjects: 1.374000 ms  DeleteObjects: 0.046000 ms)

========================================================================
Received Prepare
Registering precompiled user dll's ...
Registered in 0.000840 seconds.
Begin MonoManager ReloadAssembly
Native extension for WindowsStandalone target not found
Refreshing native plugins compatible for Editor in 0.21 ms, found 0 plugins.
Preloading 0 native plugins for Editor in 0.00 ms.
Mono: successfully reloaded assembly
- Completed reload, in  0.706 seconds
Platform modules already initialized, skipping
Refreshing native plugins compatible for Editor in 0.21 ms, found 0 plugins.
Preloading 0 native plugins for Editor in 0.00 ms.
Unloading 1115 Unused Serialized files (Serialized files now loaded: 0)
System memory in use before: 60.9 MB.
System memory in use after: 61.0 MB.

Unloading 5 unused Assets to reduce memory usage. Loaded Objects now: 1607.
Total: 1.792600 ms (FindLiveObjects: 0.146400 ms CreateObjectMapping: 0.035800 ms MarkObjects: 1.566900 ms  DeleteObjects: 0.042300 ms)

========================================================================
Received Prepare
Registering precompiled user dll's ...
Registered in 0.000885 seconds.
Begin MonoManager ReloadAssembly
Native extension for WindowsStandalone target not found
Refreshing native plugins compatible for Editor in 0.24 ms, found 0 plugins.
Preloading 0 native plugins for Editor in 0.00 ms.
Mono: successfully reloaded assembly
- Completed reload, in  0.694 seconds
Platform modules already initialized, skipping
Refreshing native plugins compatible for Editor in 0.21 ms, found 0 plugins.
Preloading 0 native plugins for Editor in 0.00 ms.
Unloading 1115 Unused Serialized files (Serialized files now loaded: 0)
System memory in use before: 60.9 MB.
System memory in use after: 61.0 MB.

Unloading 5 unused Assets to reduce memory usage. Loaded Objects now: 1610.
Total: 1.634700 ms (FindLiveObjects: 0.150300 ms CreateObjectMapping: 0.043700 ms MarkObjects: 1.396000 ms  DeleteObjects: 0.043500 ms)

========================================================================
Received Import Request.
  Time since last request: 1127.877395 seconds.
  path: Assets/Animations/TripleShotPowerUp.controller
  artifactKey: Guid(ba948f896c59f9f4793c53a7fcf0570c) Importer(815301076,1909f56bfc062723c751e8b465ee728b)
Start importing Assets/Animations/TripleShotPowerUp.controller using Guid(ba948f896c59f9f4793c53a7fcf0570c) Importer(815301076,1909f56bfc062723c751e8b465ee728b)  -> (artifact id: 'acc6b3c56642ace9483444cddcfea7d8') in 0.013072 seconds
  Import took 0.014938 seconds .

========================================================================
Received Import Request.
  Time since last request: 1.108583 seconds.
  path: Assets/Animations/TripleShotPowerUp_Anim.anim
  artifactKey: Guid(93e6b6f94cff22441abc340c8a29ee5b) Importer(815301076,1909f56bfc062723c751e8b465ee728b)
Start importing Assets/Animations/TripleShotPowerUp_Anim.anim using Guid(93e6b6f94cff22441abc340c8a29ee5b) Importer(815301076,1909f56bfc062723c751e8b465ee728b)  -> (artifact id: '458ca168a3859a9c775f46cde715cec4') in 0.005201 seconds
  Import took 0.007498 seconds .

========================================================================
Received Import Request.
  Time since last request: 0.004197 seconds.
  path: Assets/Animations/TripleShotPowerUp_Anim.anim
  artifactKey: Guid(93e6b6f94cff22441abc340c8a29ee5b) Importer(815301076,1909f56bfc062723c751e8b465ee728b)
Start importing Assets/Animations/TripleShotPowerUp_Anim.anim using Guid(93e6b6f94cff22441abc340c8a29ee5b) Importer(815301076,1909f56bfc062723c751e8b465ee728b)  -> (artifact id: '458ca168a3859a9c775f46cde715cec4') in 0.002949 seconds
  Import took 0.004971 seconds .

========================================================================
Received Prepare
Registering precompiled user dll's ...
Registered in 0.001193 seconds.
Begin MonoManager ReloadAssembly
Native extension for WindowsStandalone target not found
Refreshing native plugins compatible for Editor in 0.22 ms, found 0 plugins.
Preloading 0 native plugins for Editor in 0.00 ms.
Mono: successfully reloaded assembly
- Completed reload, in  0.682 seconds
Platform modules already initialized, skipping
Refreshing native plugins compatible for Editor in 0.22 ms, found 0 plugins.
Preloading 0 native plugins for Editor in 0.00 ms.
Unloading 1115 Unused Serialized files (Serialized files now loaded: 0)
System memory in use before: 60.9 MB.
System memory in use after: 61.0 MB.

Unloading 5 unused Assets to reduce memory usage. Loaded Objects now: 1613.
Total: 1.444000 ms (FindLiveObjects: 0.117700 ms CreateObjectMapping: 0.031000 ms MarkObjects: 1.247400 ms  DeleteObjects: 0.046700 ms)

========================================================================
Received Prepare
Registering precompiled user dll's ...
Registered in 0.000851 seconds.
Begin MonoManager ReloadAssembly
Native extension for WindowsStandalone target not found
Refreshing native plugins compatible for Editor in 0.24 ms, found 0 plugins.
Preloading 0 native plugins for Editor in 0.00 ms.
Mono: successfully reloaded assembly
- Completed reload, in  0.706 seconds
Platform modules already initialized, skipping
Refreshing native plugins compatible for Editor in 0.26 ms, found 0 plugins.
Preloading 0 native plugins for Editor in 0.00 ms.
Unloading 1115 Unused Serialized files (Serialized files now loaded: 0)
System memory in use before: 60.9 MB.
System memory in use after: 61.0 MB.

Unloading 5 unused Assets to reduce memory usage. Loaded Objects now: 1616.
Total: 1.561500 ms (FindLiveObjects: 0.129600 ms CreateObjectMapping: 0.037200 ms MarkObjects: 1.342600 ms  DeleteObjects: 0.051000 ms)

========================================================================
Received Import Request.
  Time since last request: 829.955780 seconds.
  path: Assets/Objects/TripleShotPowerUp.prefab
  artifactKey: Guid(e8f6e35a23b556d47a582f22e114b0f8) Importer(815301076,1909f56bfc062723c751e8b465ee728b)
Start importing Assets/Objects/TripleShotPowerUp.prefab using Guid(e8f6e35a23b556d47a582f22e114b0f8) Importer(815301076,1909f56bfc062723c751e8b465ee728b)  -> (artifact id: '8d9f45af149d63b641d3ebe32528d982') in 0.052601 seconds
  Import took 0.055163 seconds .

========================================================================
Received Prepare
Registering precompiled user dll's ...
Registered in 0.000843 seconds.
Begin MonoManager ReloadAssembly
Native extension for WindowsStandalone target not found
Refreshing native plugins compatible for Editor in 0.21 ms, found 0 plugins.
Preloading 0 native plugins for Editor in 0.00 ms.
Mono: successfully reloaded assembly
- Completed reload, in  0.656 seconds
Platform modules already initialized, skipping
Refreshing native plugins compatible for Editor in 0.22 ms, found 0 plugins.
Preloading 0 native plugins for Editor in 0.00 ms.
Unloading 1115 Unused Serialized files (Serialized files now loaded: 0)
System memory in use before: 61.0 MB.
System memory in use after: 61.0 MB.

Unloading 5 unused Assets to reduce memory usage. Loaded Objects now: 1620.
Total: 1.697400 ms (FindLiveObjects: 0.208000 ms CreateObjectMapping: 0.051500 ms MarkObjects: 1.390900 ms  DeleteObjects: 0.045700 ms)

========================================================================
Received Import Request.
  Time since last request: 167.557013 seconds.
  path: Assets/2D Galaxy Assets/Game/Sprites/Power_Ups/Speed
  artifactKey: Guid(9b9fa4e2b95df5143b758d0fabdcb8d0) Importer(815301076,1909f56bfc062723c751e8b465ee728b)
Start importing Assets/2D Galaxy Assets/Game/Sprites/Power_Ups/Speed using Guid(9b9fa4e2b95df5143b758d0fabdcb8d0) Importer(815301076,1909f56bfc062723c751e8b465ee728b)  -> (artifact id: 'a1646fb92e0dda829650135d67f59e39') in 0.005225 seconds
  Import took 0.008297 seconds .

========================================================================
Received Import Request.
  Time since last request: 0.361188 seconds.
  path: Assets/2D Galaxy Assets/Game/Sprites/Power_Ups/Speed/Powerup1_0008_00000.psd
  artifactKey: Guid(5b8849e8703cd2a48856f693a7ce5940) Importer(815301076,1909f56bfc062723c751e8b465ee728b)
Start importing Assets/2D Galaxy Assets/Game/Sprites/Power_Ups/Speed/Powerup1_0008_00000.psd using Guid(5b8849e8703cd2a48856f693a7ce5940) Importer(815301076,1909f56bfc062723c751e8b465ee728b)  -> (artifact id: 'cb37d17093b3fdfeedaaf0736205c854') in 0.094527 seconds
  Import took 0.096885 seconds .

========================================================================
Received Import Request.
  Time since last request: 127.382759 seconds.
  path: Assets/2D Galaxy Assets/Game/Sprites/Power_Ups/Speed/Powerup1_0008_00001.psd
  artifactKey: Guid(25813c6fe10cf6c43b92057c55fe21bd) Importer(815301076,1909f56bfc062723c751e8b465ee728b)
Start importing Assets/2D Galaxy Assets/Game/Sprites/Power_Ups/Speed/Powerup1_0008_00001.psd using Guid(25813c6fe10cf6c43b92057c55fe21bd) Importer(815301076,1909f56bfc062723c751e8b465ee728b)  -> (artifact id: 'ba39d9bf7e1a48909c0261a7ac8002ac') in 0.010424 seconds
  Import took 0.013712 seconds .

========================================================================
Received Import Request.
  Time since last request: 0.000366 seconds.
  path: Assets/2D Galaxy Assets/Game/Sprites/Power_Ups/Speed/Powerup1_0008_00010.psd
  artifactKey: Guid(8533facd69878cc44b2123eefba2d698) Importer(815301076,1909f56bfc062723c751e8b465ee728b)
Start importing Assets/2D Galaxy Assets/Game/Sprites/Power_Ups/Speed/Powerup1_0008_00010.psd using Guid(8533facd69878cc44b2123eefba2d698) Importer(815301076,1909f56bfc062723c751e8b465ee728b)  -> (artifact id: '3c063c9289ff3ba97560ee17aa719711') in 0.010931 seconds
  Import took 0.013111 seconds .

========================================================================
Received Import Request.
  Time since last request: 0.000383 seconds.
  path: Assets/2D Galaxy Assets/Game/Sprites/Power_Ups/Speed/Powerup1_0008_00011.psd
  artifactKey: Guid(90a8c9325bb9fd4478658c0f72c135ab) Importer(815301076,1909f56bfc062723c751e8b465ee728b)
Start importing Assets/2D Galaxy Assets/Game/Sprites/Power_Ups/Speed/Powerup1_0008_00011.psd using Guid(90a8c9325bb9fd4478658c0f72c135ab) Importer(815301076,1909f56bfc062723c751e8b465ee728b)  -> (artifact id: 'c22037cef47bdc482a173d4706b89e1e') in 0.013038 seconds
  Import took 0.014757 seconds .

========================================================================
Received Import Request.
  Time since last request: 0.000368 seconds.
  path: Assets/2D Galaxy Assets/Game/Sprites/Power_Ups/Speed/Powerup1_0008_00003.psd
  artifactKey: Guid(73f17f0ea9044d5419812f58e8154a41) Importer(815301076,1909f56bfc062723c751e8b465ee728b)
Start importing Assets/2D Galaxy Assets/Game/Sprites/Power_Ups/Speed/Powerup1_0008_00003.psd using Guid(73f17f0ea9044d5419812f58e8154a41) Importer(815301076,1909f56bfc062723c751e8b465ee728b)  -> (artifact id: '22c17fdeafd30dea020f3c49cf30b54d') in 0.013270 seconds
  Import took 0.015758 seconds .

========================================================================
Received Import Request.
  Time since last request: 0.000412 seconds.
  path: Assets/2D Galaxy Assets/Game/Sprites/Power_Ups/Speed/Powerup1_0008_00013.psd
  artifactKey: Guid(40af6f7298415f340867c8409d34d6b0) Importer(815301076,1909f56bfc062723c751e8b465ee728b)
Start importing Assets/2D Galaxy Assets/Game/Sprites/Power_Ups/Speed/Powerup1_0008_00013.psd using Guid(40af6f7298415f340867c8409d34d6b0) Importer(815301076,1909f56bfc062723c751e8b465ee728b)  -> (artifact id: '854fe6e0158d6a43a6451852a45f1729') in 0.014249 seconds
  Import took 0.016917 seconds .

========================================================================
Received Import Request.
  Time since last request: 0.000470 seconds.
  path: Assets/2D Galaxy Assets/Game/Sprites/Power_Ups/Speed/Powerup1_0008_00014.psd
  artifactKey: Guid(55bd0bf19a65f4c4c8c025b57c92d5a4) Importer(815301076,1909f56bfc062723c751e8b465ee728b)
Start importing Assets/2D Galaxy Assets/Game/Sprites/Power_Ups/Speed/Powerup1_0008_00014.psd using Guid(55bd0bf19a65f4c4c8c025b57c92d5a4) Importer(815301076,1909f56bfc062723c751e8b465ee728b)  -> (artifact id: 'bb5cedae6fe818ec9d104e242a19926e') in 0.013496 seconds
  Import took 0.015418 seconds .

========================================================================
Received Import Request.
  Time since last request: 0.000491 seconds.
  path: Assets/2D Galaxy Assets/Game/Sprites/Power_Ups/Speed/Powerup1_0008_00015.psd
  artifactKey: Guid(28f12876b78240a4aa78e0948517b936) Importer(815301076,1909f56bfc062723c751e8b465ee728b)
Start importing Assets/2D Galaxy Assets/Game/Sprites/Power_Ups/Speed/Powerup1_0008_00015.psd using Guid(28f12876b78240a4aa78e0948517b936) Importer(815301076,1909f56bfc062723c751e8b465ee728b)  -> (artifact id: 'b68b5387750dcad2499504818dacd1d0') in 0.012387 seconds
  Import took 0.014521 seconds .

========================================================================
Received Import Request.
  Time since last request: 0.000382 seconds.
  path: Assets/2D Galaxy Assets/Game/Sprites/Power_Ups/Speed/Powerup1_0008_00005.psd
  artifactKey: Guid(d4de74aee97397b44b7df297ba53a688) Importer(815301076,1909f56bfc062723c751e8b465ee728b)
Start importing Assets/2D Galaxy Assets/Game/Sprites/Power_Ups/Speed/Powerup1_0008_00005.psd using Guid(d4de74aee97397b44b7df297ba53a688) Importer(815301076,1909f56bfc062723c751e8b465ee728b)  -> (artifact id: '826ad52e23216bf092c30d49858027e9') in 0.011102 seconds
  Import took 0.012927 seconds .

========================================================================
Received Import Request.
  Time since last request: 0.000378 seconds.
  path: Assets/2D Galaxy Assets/Game/Sprites/Power_Ups/Speed/Powerup1_0008_00012.psd
  artifactKey: Guid(06e00fa6af8638a4ba5e66629f30e8c1) Importer(815301076,1909f56bfc062723c751e8b465ee728b)
Start importing Assets/2D Galaxy Assets/Game/Sprites/Power_Ups/Speed/Powerup1_0008_00012.psd using Guid(06e00fa6af8638a4ba5e66629f30e8c1) Importer(815301076,1909f56bfc062723c751e8b465ee728b)  -> (artifact id: 'f0fa3824415ae409d2301698417216eb') in 0.010705 seconds
  Import took 0.012459 seconds .

========================================================================
Received Import Request.
  Time since last request: 0.000330 seconds.
  path: Assets/2D Galaxy Assets/Game/Sprites/Power_Ups/Speed/Powerup1_0008_00004.psd
  artifactKey: Guid(4ef041ab5e189614f92e3d34f3fb7b84) Importer(815301076,1909f56bfc062723c751e8b465ee728b)
Start importing Assets/2D Galaxy Assets/Game/Sprites/Power_Ups/Speed/Powerup1_0008_00004.psd using Guid(4ef041ab5e189614f92e3d34f3fb7b84) Importer(815301076,1909f56bfc062723c751e8b465ee728b)  -> (artifact id: '5f51a77e647bd81834fbb6d9ff402817') in 0.010356 seconds
  Import took 0.012490 seconds .

========================================================================
Received Import Request.
  Time since last request: 0.000379 seconds.
  path: Assets/2D Galaxy Assets/Game/Sprites/Power_Ups/Speed/Powerup1_0008_00002.psd
  artifactKey: Guid(c7c2dfe89c40d80408f4c2373da8dd84) Importer(815301076,1909f56bfc062723c751e8b465ee728b)
Start importing Assets/2D Galaxy Assets/Game/Sprites/Power_Ups/Speed/Powerup1_0008_00002.psd using Guid(c7c2dfe89c40d80408f4c2373da8dd84) Importer(815301076,1909f56bfc062723c751e8b465ee728b)  -> (artifact id: '708b476228b9f6c2e203a3ab46938381') in 0.011797 seconds
  Import took 0.013947 seconds .

========================================================================
Received Import Request.
  Time since last request: 0.000353 seconds.
  path: Assets/2D Galaxy Assets/Game/Sprites/Power_Ups/Speed/Powerup1_0008_00006.psd
  artifactKey: Guid(a3bd87442a1340045bdc9d4f68f020bf) Importer(815301076,1909f56bfc062723c751e8b465ee728b)
Start importing Assets/2D Galaxy Assets/Game/Sprites/Power_Ups/Speed/Powerup1_0008_00006.psd using Guid(a3bd87442a1340045bdc9d4f68f020bf) Importer(815301076,1909f56bfc062723c751e8b465ee728b)  -> (artifact id: '478a740ee9cd713eb9091bc1dd4137e8') in 0.011909 seconds
  Import took 0.013630 seconds .

========================================================================
Received Import Request.
  Time since last request: 0.000349 seconds.
  path: Assets/2D Galaxy Assets/Game/Sprites/Power_Ups/Speed/Powerup1_0008_00008.psd
  artifactKey: Guid(2486687f5b9cec34fbd039e818fcd398) Importer(815301076,1909f56bfc062723c751e8b465ee728b)
Start importing Assets/2D Galaxy Assets/Game/Sprites/Power_Ups/Speed/Powerup1_0008_00008.psd using Guid(2486687f5b9cec34fbd039e818fcd398) Importer(815301076,1909f56bfc062723c751e8b465ee728b)  -> (artifact id: 'a5efd52c3ae0d841875387bfb9042f54') in 0.016326 seconds
  Import took 0.018390 seconds .

========================================================================
Received Import Request.
  Time since last request: 0.000340 seconds.
  path: Assets/2D Galaxy Assets/Game/Sprites/Power_Ups/Speed/Powerup1_0008_00009.psd
  artifactKey: Guid(baa9c1371622a9b42a10d5b06f18b0c3) Importer(815301076,1909f56bfc062723c751e8b465ee728b)
Start importing Assets/2D Galaxy Assets/Game/Sprites/Power_Ups/Speed/Powerup1_0008_00009.psd using Guid(baa9c1371622a9b42a10d5b06f18b0c3) Importer(815301076,1909f56bfc062723c751e8b465ee728b)  -> (artifact id: '7952710b19a489f7bb695314d7f27422') in 0.012331 seconds
  Import took 0.013992 seconds .

========================================================================
Received Import Request.
  Time since last request: 0.000367 seconds.
  path: Assets/2D Galaxy Assets/Game/Sprites/Power_Ups/Speed/Powerup1_0008_00007.psd
  artifactKey: Guid(5a268b4f96c2b004ea1a38c78e2277a1) Importer(815301076,1909f56bfc062723c751e8b465ee728b)
Start importing Assets/2D Galaxy Assets/Game/Sprites/Power_Ups/Speed/Powerup1_0008_00007.psd using Guid(5a268b4f96c2b004ea1a38c78e2277a1) Importer(815301076,1909f56bfc062723c751e8b465ee728b)  -> (artifact id: '8ffe56e8a393a3d72925195ea52033ce') in 0.010813 seconds
  Import took 0.012642 seconds .

========================================================================
Received Import Request.
  Time since last request: 79.034584 seconds.
  path: Assets/Animations/Speed_PU_Anim.anim
  artifactKey: Guid(a77280284fdc9f740b6de1350b203776) Importer(815301076,1909f56bfc062723c751e8b465ee728b)
Start importing Assets/Animations/Speed_PU_Anim.anim using Guid(a77280284fdc9f740b6de1350b203776) Importer(815301076,1909f56bfc062723c751e8b465ee728b)  -> (artifact id: 'd242ed9a58ea0ef06a916ef51d7e445e') in 0.003639 seconds
  Import took 0.005599 seconds .

========================================================================
Received Import Request.
  Time since last request: 0.006130 seconds.
  path: Assets/Animations/Speed_PU_Anim.anim
  artifactKey: Guid(a77280284fdc9f740b6de1350b203776) Importer(815301076,1909f56bfc062723c751e8b465ee728b)
Start importing Assets/Animations/Speed_PU_Anim.anim using Guid(a77280284fdc9f740b6de1350b203776) Importer(815301076,1909f56bfc062723c751e8b465ee728b)  -> (artifact id: 'd242ed9a58ea0ef06a916ef51d7e445e') in 0.003191 seconds
  Import took 0.004924 seconds .

========================================================================
Received Import Request.
  Time since last request: 3.687908 seconds.
  path: Assets/Animations/TripleShotPowerUp.controller
  artifactKey: Guid(ba948f896c59f9f4793c53a7fcf0570c) Importer(815301076,1909f56bfc062723c751e8b465ee728b)
Start importing Assets/Animations/TripleShotPowerUp.controller using Guid(ba948f896c59f9f4793c53a7fcf0570c) Importer(815301076,1909f56bfc062723c751e8b465ee728b)  -> (artifact id: '4c5c24021b0a3da6c6ebdecc72fee281') in 0.004110 seconds
  Import took 0.007470 seconds .

========================================================================
Received Import Request.
  Time since last request: 0.875684 seconds.
  path: Assets/Animations/TripleShotPowerUp_Anim.anim
  artifactKey: Guid(93e6b6f94cff22441abc340c8a29ee5b) Importer(815301076,1909f56bfc062723c751e8b465ee728b)
Start importing Assets/Animations/TripleShotPowerUp_Anim.anim using Guid(93e6b6f94cff22441abc340c8a29ee5b) Importer(815301076,1909f56bfc062723c751e8b465ee728b)  -> (artifact id: 'fe1595dca4c1c4097549362aebacc6ae') in 0.002971 seconds
  Import took 0.004790 seconds .

========================================================================
Received Prepare
Registering precompiled user dll's ...
Registered in 0.000816 seconds.
Begin MonoManager ReloadAssembly
Native extension for WindowsStandalone target not found
Refreshing native plugins compatible for Editor in 0.22 ms, found 0 plugins.
Preloading 0 native plugins for Editor in 0.00 ms.
Mono: successfully reloaded assembly
- Completed reload, in  0.695 seconds
Platform modules already initialized, skipping
Refreshing native plugins compatible for Editor in 0.23 ms, found 0 plugins.
Preloading 0 native plugins for Editor in 0.00 ms.
Unloading 1115 Unused Serialized files (Serialized files now loaded: 0)
System memory in use before: 61.0 MB.
System memory in use after: 61.1 MB.

Unloading 5 unused Assets to reduce memory usage. Loaded Objects now: 1624.
Total: 1.845900 ms (FindLiveObjects: 0.331400 ms CreateObjectMapping: 0.076700 ms MarkObjects: 1.391900 ms  DeleteObjects: 0.043400 ms)

========================================================================
Received Import Request.
  Time since last request: 110.589011 seconds.
  path: Assets/Objects/TripleShotPowerUp.prefab
  artifactKey: Guid(e8f6e35a23b556d47a582f22e114b0f8) Importer(815301076,1909f56bfc062723c751e8b465ee728b)
Start importing Assets/Objects/TripleShotPowerUp.prefab using Guid(e8f6e35a23b556d47a582f22e114b0f8) Importer(815301076,1909f56bfc062723c751e8b465ee728b) The Animator Controller (TripleShotPowerUp 1) you have used is not valid. Animations will not play
UnityEngine.StackTraceUtility:ExtractStackTrace ()
UnityEditor.EditorUtility:Internal_InstantiateRemoveAllNonAnimationComponentsSingle (UnityEngine.Object,UnityEngine.Vector3,UnityEngine.Quaternion)
UnityEditor.EditorUtility:InstantiateRemoveAllNonAnimationComponents (UnityEngine.Object,UnityEngine.Vector3,UnityEngine.Quaternion)
UnityEditor.EditorUtility:InstantiateForAnimatorPreview (UnityEngine.Object)
UnityEditor.GameObjectInspector/PreviewData:UpdateGameObject (UnityEngine.Object)
UnityEditor.GameObjectInspector/PreviewData:.ctor (UnityEngine.Object)
UnityEditor.GameObjectInspector:GetPreviewData ()
UnityEditor.GameObjectInspector:RenderStaticPreview (string,UnityEngine.Object[],int,int)
UnityEditor.AssetPreviewUpdater:CreatePreviewForAsset (UnityEngine.Object,UnityEngine.Object[],string)

[C:\buildslave\unity\build\Modules/Animation/Director/AnimatorControllerPlayable.cpp line 333]

The Animator Controller (TripleShotPowerUp 1) you have used is not valid. Animations will not play
UnityEngine.StackTraceUtility:ExtractStackTrace ()
UnityEditor.EditorUtility:InitInstantiatedPreviewRecursive (UnityEngine.GameObject)
UnityEditor.EditorUtility:InstantiateForAnimatorPreview (UnityEngine.Object)
UnityEditor.GameObjectInspector/PreviewData:UpdateGameObject (UnityEngine.Object)
UnityEditor.GameObjectInspector/PreviewData:.ctor (UnityEngine.Object)
UnityEditor.GameObjectInspector:GetPreviewData ()
UnityEditor.GameObjectInspector:RenderStaticPreview (string,UnityEngine.Object[],int,int)
UnityEditor.AssetPreviewUpdater:CreatePreviewForAsset (UnityEngine.Object,UnityEngine.Object[],string)

[C:\buildslave\unity\build\Modules/Animation/Director/AnimatorControllerPlayable.cpp line 333]

 -> (artifact id: '126b1b3845c453e830a64c9b07655848') in 0.060082 seconds
  Import took 0.062410 seconds .

========================================================================
Received Import Request.
  Time since last request: 56.885264 seconds.
  path: Assets/Scripts/TSBeh.cs
  artifactKey: Guid(61610e0de1cdb9c428d40f574b311076) Importer(815301076,1909f56bfc062723c751e8b465ee728b)
Start importing Assets/Scripts/TSBeh.cs using Guid(61610e0de1cdb9c428d40f574b311076) Importer(815301076,1909f56bfc062723c751e8b465ee728b)  -> (artifact id: 'afa0c20e9da436bca56abcc76ddc2ba5') in 0.002457 seconds
  Import took 0.007314 seconds .

========================================================================
Received Prepare
Registering precompiled user dll's ...
Registered in 0.000851 seconds.
Begin MonoManager ReloadAssembly
Native extension for WindowsStandalone target not found
Refreshing native plugins compatible for Editor in 0.22 ms, found 0 plugins.
Preloading 0 native plugins for Editor in 0.00 ms.
Mono: successfully reloaded assembly
- Completed reload, in  0.660 seconds
Platform modules already initialized, skipping
Refreshing native plugins compatible for Editor in 0.22 ms, found 0 plugins.
Preloading 0 native plugins for Editor in 0.00 ms.
Unloading 1115 Unused Serialized files (Serialized files now loaded: 0)
System memory in use before: 61.1 MB.
System memory in use after: 61.2 MB.

Unloading 5 unused Assets to reduce memory usage. Loaded Objects now: 1628.
Total: 1.497000 ms (FindLiveObjects: 0.148300 ms CreateObjectMapping: 0.037300 ms MarkObjects: 1.265700 ms  DeleteObjects: 0.043300 ms)

========================================================================
Received Import Request.
  Time since last request: 314.803559 seconds.
  path: Assets/Scripts/SpawnManager.cs
  artifactKey: Guid(9cd2373913c872c4ba9a67c41203a125) Importer(815301076,1909f56bfc062723c751e8b465ee728b)
Start importing Assets/Scripts/SpawnManager.cs using Guid(9cd2373913c872c4ba9a67c41203a125) Importer(815301076,1909f56bfc062723c751e8b465ee728b)  -> (artifact id: '7ee606d3f90c80c33434ef0bf90bc1a1') in 0.005836 seconds
  Import took 0.008062 seconds .

========================================================================
Received Prepare
Registering precompiled user dll's ...
Registered in 0.000803 seconds.
Begin MonoManager ReloadAssembly
Native extension for WindowsStandalone target not found
Refreshing native plugins compatible for Editor in 0.24 ms, found 0 plugins.
Preloading 0 native plugins for Editor in 0.00 ms.
Mono: successfully reloaded assembly
- Completed reload, in  0.684 seconds
Platform modules already initialized, skipping
Refreshing native plugins compatible for Editor in 0.22 ms, found 0 plugins.
Preloading 0 native plugins for Editor in 0.00 ms.
Unloading 1115 Unused Serialized files (Serialized files now loaded: 0)
System memory in use before: 61.1 MB.
System memory in use after: 61.2 MB.

Unloading 5 unused Assets to reduce memory usage. Loaded Objects now: 1631.
Total: 1.638900 ms (FindLiveObjects: 0.138200 ms CreateObjectMapping: 0.035800 ms MarkObjects: 1.416600 ms  DeleteObjects: 0.047500 ms)

========================================================================
Received Import Request.
  Time since last request: 28.246651 seconds.
  path: Assets/Objects/TripleShotPowerUp.prefab
  artifactKey: Guid(e8f6e35a23b556d47a582f22e114b0f8) Importer(815301076,1909f56bfc062723c751e8b465ee728b)
Start importing Assets/Objects/TripleShotPowerUp.prefab using Guid(e8f6e35a23b556d47a582f22e114b0f8) Importer(815301076,1909f56bfc062723c751e8b465ee728b) The Animator Controller (TripleShotPowerUp 1) you have used is not valid. Animations will not play
UnityEngine.StackTraceUtility:ExtractStackTrace ()
UnityEditor.EditorUtility:Internal_InstantiateRemoveAllNonAnimationComponentsSingle (UnityEngine.Object,UnityEngine.Vector3,UnityEngine.Quaternion)
UnityEditor.EditorUtility:InstantiateRemoveAllNonAnimationComponents (UnityEngine.Object,UnityEngine.Vector3,UnityEngine.Quaternion)
UnityEditor.EditorUtility:InstantiateForAnimatorPreview (UnityEngine.Object)
UnityEditor.GameObjectInspector/PreviewData:UpdateGameObject (UnityEngine.Object)
UnityEditor.GameObjectInspector/PreviewData:.ctor (UnityEngine.Object)
UnityEditor.GameObjectInspector:GetPreviewData ()
UnityEditor.GameObjectInspector:RenderStaticPreview (string,UnityEngine.Object[],int,int)
UnityEditor.AssetPreviewUpdater:CreatePreviewForAsset (UnityEngine.Object,UnityEngine.Object[],string)

[C:\buildslave\unity\build\Modules/Animation/Director/AnimatorControllerPlayable.cpp line 333]

The Animator Controller (TripleShotPowerUp 1) you have used is not valid. Animations will not play
UnityEngine.StackTraceUtility:ExtractStackTrace ()
UnityEditor.EditorUtility:InitInstantiatedPreviewRecursive (UnityEngine.GameObject)
UnityEditor.EditorUtility:InstantiateForAnimatorPreview (UnityEngine.Object)
UnityEditor.GameObjectInspector/PreviewData:UpdateGameObject (UnityEngine.Object)
UnityEditor.GameObjectInspector/PreviewData:.ctor (UnityEngine.Object)
UnityEditor.GameObjectInspector:GetPreviewData ()
UnityEditor.GameObjectInspector:RenderStaticPreview (string,UnityEngine.Object[],int,int)
UnityEditor.AssetPreviewUpdater:CreatePreviewForAsset (UnityEngine.Object,UnityEngine.Object[],string)

[C:\buildslave\unity\build\Modules/Animation/Director/AnimatorControllerPlayable.cpp line 333]

 -> (artifact id: 'b52d694834fafa0a84ef277eb39b2168') in 0.046803 seconds
  Import took 0.050192 seconds .

========================================================================
Received Import Request.
  Time since last request: 0.000266 seconds.
  path: Assets/Scripts/TSBeh.cs
  artifactKey: Guid(61610e0de1cdb9c428d40f574b311076) Importer(815301076,1909f56bfc062723c751e8b465ee728b)
Start importing Assets/Scripts/TSBeh.cs using Guid(61610e0de1cdb9c428d40f574b311076) Importer(815301076,1909f56bfc062723c751e8b465ee728b)  -> (artifact id: 'ce4dda676feebd41986aaa046d46feaf') in 0.002395 seconds
  Import took 0.004724 seconds .

========================================================================
Received Import Request.
  Time since last request: 6.555128 seconds.
  path: Assets/Objects/Speed_PU.prefab
  artifactKey: Guid(78249698a61f8374b83686fc4231c93d) Importer(815301076,1909f56bfc062723c751e8b465ee728b)
Start importing Assets/Objects/Speed_PU.prefab using Guid(78249698a61f8374b83686fc4231c93d) Importer(815301076,1909f56bfc062723c751e8b465ee728b)  -> (artifact id: 'c0c9a926f87cd82b11779fd40898de90') in 0.009823 seconds
  Import took 0.012053 seconds .

========================================================================
Received Prepare
Registering precompiled user dll's ...
Registered in 0.000891 seconds.
Begin MonoManager ReloadAssembly
Native extension for WindowsStandalone target not found
Refreshing native plugins compatible for Editor in 0.22 ms, found 0 plugins.
Preloading 0 native plugins for Editor in 0.00 ms.
Mono: successfully reloaded assembly
- Completed reload, in  0.722 seconds
Platform modules already initialized, skipping
Refreshing native plugins compatible for Editor in 0.23 ms, found 0 plugins.
Preloading 0 native plugins for Editor in 0.00 ms.
Unloading 1115 Unused Serialized files (Serialized files now loaded: 0)
System memory in use before: 61.2 MB.
System memory in use after: 61.2 MB.

Unloading 5 unused Assets to reduce memory usage. Loaded Objects now: 1635.
Total: 1.505800 ms (FindLiveObjects: 0.125700 ms CreateObjectMapping: 0.028200 ms MarkObjects: 1.306600 ms  DeleteObjects: 0.044300 ms)

========================================================================
Received Prepare
Registering precompiled user dll's ...
Registered in 0.001502 seconds.
Begin MonoManager ReloadAssembly
Native extension for WindowsStandalone target not found
Refreshing native plugins compatible for Editor in 0.28 ms, found 0 plugins.
Preloading 0 native plugins for Editor in 0.00 ms.
Mono: successfully reloaded assembly
- Completed reload, in  0.775 seconds
Platform modules already initialized, skipping
Refreshing native plugins compatible for Editor in 0.29 ms, found 0 plugins.
Preloading 0 native plugins for Editor in 0.00 ms.
Unloading 1115 Unused Serialized files (Serialized files now loaded: 0)
System memory in use before: 61.2 MB.
System memory in use after: 61.2 MB.

Unloading 5 unused Assets to reduce memory usage. Loaded Objects now: 1638.
Total: 1.761700 ms (FindLiveObjects: 0.188800 ms CreateObjectMapping: 0.057100 ms MarkObjects: 1.469100 ms  DeleteObjects: 0.045700 ms)

========================================================================
Received Import Request.
  Time since last request: 613.378851 seconds.
  path: Assets/Scripts/SpawnManager.cs
  artifactKey: Guid(9cd2373913c872c4ba9a67c41203a125) Importer(815301076,1909f56bfc062723c751e8b465ee728b)
Start importing Assets/Scripts/SpawnManager.cs using Guid(9cd2373913c872c4ba9a67c41203a125) Importer(815301076,1909f56bfc062723c751e8b465ee728b)  -> (artifact id: '9fe5618df5cc1a865cb3aafb211cae1c') in 0.005924 seconds
  Import took 0.008621 seconds .

========================================================================
Received Import Request.
  Time since last request: 14.174162 seconds.
  path: Assets/Scripts/SpawnManager.cs
  artifactKey: Guid(9cd2373913c872c4ba9a67c41203a125) Importer(815301076,1909f56bfc062723c751e8b465ee728b)
Start importing Assets/Scripts/SpawnManager.cs using Guid(9cd2373913c872c4ba9a67c41203a125) Importer(815301076,1909f56bfc062723c751e8b465ee728b)  -> (artifact id: '63d5f006fed86b2733aac9c853706324') in 0.003128 seconds
  Import took 0.005866 seconds .

========================================================================
Received Prepare
Registering precompiled user dll's ...
Registered in 0.000803 seconds.
Begin MonoManager ReloadAssembly
Native extension for WindowsStandalone target not found
Refreshing native plugins compatible for Editor in 0.22 ms, found 0 plugins.
Preloading 0 native plugins for Editor in 0.00 ms.
Mono: successfully reloaded assembly
- Completed reload, in  0.679 seconds
Platform modules already initialized, skipping
Refreshing native plugins compatible for Editor in 0.21 ms, found 0 plugins.
Preloading 0 native plugins for Editor in 0.00 ms.
Unloading 1115 Unused Serialized files (Serialized files now loaded: 0)
System memory in use before: 61.2 MB.
System memory in use after: 61.3 MB.

Unloading 5 unused Assets to reduce memory usage. Loaded Objects now: 1641.
Total: 2.112200 ms (FindLiveObjects: 0.152100 ms CreateObjectMapping: 0.034700 ms MarkObjects: 1.872600 ms  DeleteObjects: 0.051200 ms)

========================================================================
Received Import Request.
  Time since last request: 61.373357 seconds.
  path: Assets/Scripts/SpawnManager.cs
  artifactKey: Guid(9cd2373913c872c4ba9a67c41203a125) Importer(815301076,1909f56bfc062723c751e8b465ee728b)
Start importing Assets/Scripts/SpawnManager.cs using Guid(9cd2373913c872c4ba9a67c41203a125) Importer(815301076,1909f56bfc062723c751e8b465ee728b)  -> (artifact id: 'b0e185b729c5c6af996e7a31ff6a41fb') in 0.004108 seconds
  Import took 0.005901 seconds .

========================================================================
Received Import Request.
  Time since last request: 0.024425 seconds.
  path: Assets/Scripts/SpawnManager.cs
  artifactKey: Guid(9cd2373913c872c4ba9a67c41203a125) Importer(815301076,1909f56bfc062723c751e8b465ee728b)
Start importing Assets/Scripts/SpawnManager.cs using Guid(9cd2373913c872c4ba9a67c41203a125) Importer(815301076,1909f56bfc062723c751e8b465ee728b)  -> (artifact id: 'b0e185b729c5c6af996e7a31ff6a41fb') in 0.002874 seconds
  Import took 0.004773 seconds .

========================================================================
Received Import Request.
  Time since last request: 32.328347 seconds.
  path: Assets/Scripts/TSBeh.cs
  artifactKey: Guid(61610e0de1cdb9c428d40f574b311076) Importer(815301076,1909f56bfc062723c751e8b465ee728b)
Start importing Assets/Scripts/TSBeh.cs using Guid(61610e0de1cdb9c428d40f574b311076) Importer(815301076,1909f56bfc062723c751e8b465ee728b)  -> (artifact id: '6cfd120f45d07f0e32c3165d6598926c') in 0.002958 seconds
  Import took 0.004820 seconds .

========================================================================
Received Import Request.
  Time since last request: 7.708999 seconds.
  path: Assets/Objects/EnemyContainer.prefab
  artifactKey: Guid(6dcabd5f8f155ec448355e129e7020da) Importer(815301076,1909f56bfc062723c751e8b465ee728b)
Start importing Assets/Objects/EnemyContainer.prefab using Guid(6dcabd5f8f155ec448355e129e7020da) Importer(815301076,1909f56bfc062723c751e8b465ee728b)  -> (artifact id: '3458bf792ae4e3562cc4d4f630dff9d6') in 0.020429 seconds
  Import took 0.022507 seconds .

========================================================================
Received Prepare
Registering precompiled user dll's ...
Registered in 0.000866 seconds.
Begin MonoManager ReloadAssembly
Native extension for WindowsStandalone target not found
Refreshing native plugins compatible for Editor in 0.23 ms, found 0 plugins.
Preloading 0 native plugins for Editor in 0.00 ms.
Mono: successfully reloaded assembly
- Completed reload, in  0.689 seconds
Platform modules already initialized, skipping
Refreshing native plugins compatible for Editor in 0.24 ms, found 0 plugins.
Preloading 0 native plugins for Editor in 0.00 ms.
Unloading 1115 Unused Serialized files (Serialized files now loaded: 0)
System memory in use before: 61.2 MB.
System memory in use after: 61.3 MB.

Unloading 5 unused Assets to reduce memory usage. Loaded Objects now: 1644.
Total: 1.549000 ms (FindLiveObjects: 0.156900 ms CreateObjectMapping: 0.044000 ms MarkObjects: 1.305800 ms  DeleteObjects: 0.041100 ms)

========================================================================
Received Import Request.
  Time since last request: 56.801395 seconds.
  path: Assets/Scripts/SpawnManager.cs
  artifactKey: Guid(9cd2373913c872c4ba9a67c41203a125) Importer(815301076,1909f56bfc062723c751e8b465ee728b)
Start importing Assets/Scripts/SpawnManager.cs using Guid(9cd2373913c872c4ba9a67c41203a125) Importer(815301076,1909f56bfc062723c751e8b465ee728b)  -> (artifact id: '5874e78b80a62f24cd4d0e533b50d5fa') in 0.004367 seconds
  Import took 0.007470 seconds .

========================================================================
Received Import Request.
  Time since last request: 0.905425 seconds.
  path: Assets/Scripts/Player.cs
  artifactKey: Guid(9691e6c86cb8dc24a9d2d746a9a7e6c7) Importer(815301076,1909f56bfc062723c751e8b465ee728b)
Start importing Assets/Scripts/Player.cs using Guid(9691e6c86cb8dc24a9d2d746a9a7e6c7) Importer(815301076,1909f56bfc062723c751e8b465ee728b)  -> (artifact id: 'd22d81efac4382204e0c35307368e622') in 0.004109 seconds
  Import took 0.005813 seconds .

========================================================================
Received Prepare
Registering precompiled user dll's ...
Registered in 0.000895 seconds.
Begin MonoManager ReloadAssembly
Native extension for WindowsStandalone target not found
Refreshing native plugins compatible for Editor in 0.23 ms, found 0 plugins.
Preloading 0 native plugins for Editor in 0.00 ms.
Mono: successfully reloaded assembly
- Completed reload, in  0.667 seconds
Platform modules already initialized, skipping
Refreshing native plugins compatible for Editor in 0.21 ms, found 0 plugins.
Preloading 0 native plugins for Editor in 0.00 ms.
Unloading 1115 Unused Serialized files (Serialized files now loaded: 0)
System memory in use before: 61.2 MB.
System memory in use after: 61.3 MB.

Unloading 5 unused Assets to reduce memory usage. Loaded Objects now: 1647.
Total: 1.641100 ms (FindLiveObjects: 0.174300 ms CreateObjectMapping: 0.039300 ms MarkObjects: 1.381100 ms  DeleteObjects: 0.044900 ms)

========================================================================
Received Prepare
Registering precompiled user dll's ...
Registered in 0.000814 seconds.
Begin MonoManager ReloadAssembly
Native extension for WindowsStandalone target not found
Refreshing native plugins compatible for Editor in 0.21 ms, found 0 plugins.
Preloading 0 native plugins for Editor in 0.00 ms.
Mono: successfully reloaded assembly
- Completed reload, in  0.670 seconds
Platform modules already initialized, skipping
Refreshing native plugins compatible for Editor in 0.26 ms, found 0 plugins.
Preloading 0 native plugins for Editor in 0.00 ms.
Unloading 1115 Unused Serialized files (Serialized files now loaded: 0)
System memory in use before: 61.2 MB.
System memory in use after: 61.2 MB.

Unloading 5 unused Assets to reduce memory usage. Loaded Objects now: 1650.
Total: 1.438700 ms (FindLiveObjects: 0.160100 ms CreateObjectMapping: 0.038000 ms MarkObjects: 1.196400 ms  DeleteObjects: 0.042600 ms)

========================================================================
Received Import Request.
  Time since last request: 2145.292146 seconds.
  path: Assets/Scripts/SpawnManager.cs
  artifactKey: Guid(9cd2373913c872c4ba9a67c41203a125) Importer(815301076,1909f56bfc062723c751e8b465ee728b)
Start importing Assets/Scripts/SpawnManager.cs using Guid(9cd2373913c872c4ba9a67c41203a125) Importer(815301076,1909f56bfc062723c751e8b465ee728b)  -> (artifact id: '88c5cca28c3cf918e1dcd3220c3535b7') in 0.004962 seconds
  Import took 0.008186 seconds .

========================================================================
Received Import Request.
  Time since last request: 0.025726 seconds.
  path: Assets/Scripts/SpawnManager.cs
  artifactKey: Guid(9cd2373913c872c4ba9a67c41203a125) Importer(815301076,1909f56bfc062723c751e8b465ee728b)
Start importing Assets/Scripts/SpawnManager.cs using Guid(9cd2373913c872c4ba9a67c41203a125) Importer(815301076,1909f56bfc062723c751e8b465ee728b)  -> (artifact id: '88c5cca28c3cf918e1dcd3220c3535b7') in 0.003072 seconds
  Import took 0.004812 seconds .

========================================================================
Received Import Request.
  Time since last request: 110.186594 seconds.
  path: Assets/Scripts/SpawnManager.cs
  artifactKey: Guid(9cd2373913c872c4ba9a67c41203a125) Importer(815301076,1909f56bfc062723c751e8b465ee728b)
Start importing Assets/Scripts/SpawnManager.cs using Guid(9cd2373913c872c4ba9a67c41203a125) Importer(815301076,1909f56bfc062723c751e8b465ee728b)  -> (artifact id: '2e3829a2582787a1b84ba690dd8cf39e') in 0.003737 seconds
  Import took 0.006161 seconds .

========================================================================
Received Prepare
Registering precompiled user dll's ...
Registered in 0.001150 seconds.
Begin MonoManager ReloadAssembly
Native extension for WindowsStandalone target not found
Refreshing native plugins compatible for Editor in 0.22 ms, found 0 plugins.
Preloading 0 native plugins for Editor in 0.00 ms.
Mono: successfully reloaded assembly
- Completed reload, in  0.660 seconds
Platform modules already initialized, skipping
Refreshing native plugins compatible for Editor in 0.24 ms, found 0 plugins.
Preloading 0 native plugins for Editor in 0.00 ms.
Unloading 1115 Unused Serialized files (Serialized files now loaded: 0)
System memory in use before: 61.2 MB.
System memory in use after: 61.3 MB.

Unloading 5 unused Assets to reduce memory usage. Loaded Objects now: 1653.
Total: 1.516900 ms (FindLiveObjects: 0.199100 ms CreateObjectMapping: 0.057800 ms MarkObjects: 1.215800 ms  DeleteObjects: 0.043100 ms)

========================================================================
Received Import Request.
  Time since last request: 18.895955 seconds.
  path: Assets/Scripts/SpawnManager.cs
  artifactKey: Guid(9cd2373913c872c4ba9a67c41203a125) Importer(815301076,1909f56bfc062723c751e8b465ee728b)
Start importing Assets/Scripts/SpawnManager.cs using Guid(9cd2373913c872c4ba9a67c41203a125) Importer(815301076,1909f56bfc062723c751e8b465ee728b)  -> (artifact id: 'd9c9d7c1b2f4ccd02ba2d532ab647e02') in 0.003877 seconds
  Import took 0.007085 seconds .

========================================================================
Received Prepare
Registering precompiled user dll's ...
Registered in 0.000837 seconds.
Begin MonoManager ReloadAssembly
Native extension for WindowsStandalone target not found
Refreshing native plugins compatible for Editor in 0.23 ms, found 0 plugins.
Preloading 0 native plugins for Editor in 0.00 ms.
Mono: successfully reloaded assembly
- Completed reload, in  0.682 seconds
Platform modules already initialized, skipping
Refreshing native plugins compatible for Editor in 0.21 ms, found 0 plugins.
Preloading 0 native plugins for Editor in 0.00 ms.
Unloading 1115 Unused Serialized files (Serialized files now loaded: 0)
System memory in use before: 61.2 MB.
System memory in use after: 61.3 MB.

Unloading 5 unused Assets to reduce memory usage. Loaded Objects now: 1656.
Total: 1.689600 ms (FindLiveObjects: 0.190200 ms CreateObjectMapping: 0.054300 ms MarkObjects: 1.391400 ms  DeleteObjects: 0.052700 ms)

