Using pre-set license
Built from '2020.3/staging' branch; Version is '2020.3.6f1 (338bb68529b2) revision 3378102'; Using compiler version '192528614'; Build Type 'Release'
OS: 'Windows 10 Home; OS build 19043.1466; Version 2009; 64bit' Language: 'tr' Physical Memory: 16252 MB
BatchMode: 1, IsHumanControllingUs: 0, StartBugReporterOnCrash: 0, Is64bit: 1, IsPro: 0

 COMMAND LINE ARGUMENTS:
C:\Program Files\Unity\Editor\Unity.exe
-adb2
-batchMode
-noUpm
-name
AssetImportWorker0
-projectPath
C:/Users/user/SpaceShooter v2.0
-logFile
Logs/AssetImportWorker0.log
-srvPort
1052
Successfully changed project path to: C:/Users/user/SpaceShooter v2.0
C:/Users/user/SpaceShooter v2.0
Using Asset Import Pipeline V2.
Refreshing native plugins compatible for Editor in 28.75 ms, found 0 plugins.
Preloading 0 native plugins for Editor in 0.00 ms.
Initialize engine version: 2020.3.6f1 (338bb68529b2)
[Subsystems] Discovering subsystems at path C:/Program Files/Unity/Editor/Data/Resources/UnitySubsystems
[Subsystems] Discovering subsystems at path C:/Users/user/SpaceShooter v2.0/Assets
GfxDevice: creating device client; threaded=0
Direct3D:
    Version:  Direct3D 11.0 [level 11.1]
    Renderer: NVIDIA GeForce GTX 1080 (ID=0x1b80)
    Vendor:   
    VRAM:     8079 MB
    Driver:   30.0.15.1123
Initialize mono
Mono path[0] = 'C:/Program Files/Unity/Editor/Data/Managed'
Mono path[1] = 'C:/Program Files/Unity/Editor/Data/MonoBleedingEdge/lib/mono/unityjit'
Mono config path = 'C:/Program Files/Unity/Editor/Data/MonoBleedingEdge/etc'
Using monoOptions --debugger-agent=transport=dt_socket,embedding=1,server=y,suspend=n,address=127.0.0.1:56252
Begin MonoManager ReloadAssembly
Registering precompiled unity dll's ...
Register platform support module: C:/Program Files/Unity/Editor/Data/PlaybackEngines/WindowsStandaloneSupport/UnityEditor.WindowsStandalone.Extensions.dll
Registered in 0.002334 seconds.
Native extension for WindowsStandalone target not found
Refreshing native plugins compatible for Editor in 44.53 ms, found 0 plugins.
Preloading 0 native plugins for Editor in 0.00 ms.
Mono: successfully reloaded assembly
- Completed reload, in  1.105 seconds
Platform modules already initialized, skipping
Registering precompiled user dll's ...
Registered in 0.001517 seconds.
Begin MonoManager ReloadAssembly
Native extension for WindowsStandalone target not found
Refreshing native plugins compatible for Editor in 0.27 ms, found 0 plugins.
Preloading 0 native plugins for Editor in 0.00 ms.
Mono: successfully reloaded assembly
- Completed reload, in  1.046 seconds
Platform modules already initialized, skipping
========================================================================
Worker process is ready to serve import requests
Launched and connected shader compiler UnityShaderCompiler.exe after 0.05 seconds
Refreshing native plugins compatible for Editor in 0.27 ms, found 0 plugins.
Preloading 0 native plugins for Editor in 0.00 ms.
Unloading 1121 Unused Serialized files (Serialized files now loaded: 0)
System memory in use before: 57.9 MB.
System memory in use after: 57.9 MB.

Unloading 10 unused Assets to reduce memory usage. Loaded Objects now: 1563.
Total: 2.270500 ms (FindLiveObjects: 0.138400 ms CreateObjectMapping: 0.046100 ms MarkObjects: 1.986700 ms  DeleteObjects: 0.097700 ms)

========================================================================
Received Import Request.
  path: Assets/Scripts/SpawnManager.cs
  artifactKey: Guid(9cd2373913c872c4ba9a67c41203a125) Importer(815301076,1909f56bfc062723c751e8b465ee728b)
Start importing Assets/Scripts/SpawnManager.cs using Guid(9cd2373913c872c4ba9a67c41203a125) Importer(815301076,1909f56bfc062723c751e8b465ee728b)  -> (artifact id: 'f5a173b721123b5c4f6778245337d87f') in 0.029996 seconds
  Import took 0.032533 seconds .

========================================================================
Received Import Request.
  Time since last request: 47.594397 seconds.
  path: Assets/Objects/TripleShotPowerUp.prefab
  artifactKey: Guid(e8f6e35a23b556d47a582f22e114b0f8) Importer(815301076,1909f56bfc062723c751e8b465ee728b)
Start importing Assets/Objects/TripleShotPowerUp.prefab using Guid(e8f6e35a23b556d47a582f22e114b0f8) Importer(815301076,1909f56bfc062723c751e8b465ee728b)  -> (artifact id: '0b2e8c22fdfd00c7f9606ca070bbf30e') in 0.072109 seconds
  Import took 0.075737 seconds .

========================================================================
Received Prepare
Registering precompiled user dll's ...
Registered in 0.001099 seconds.
Begin MonoManager ReloadAssembly
Native extension for WindowsStandalone target not found
Refreshing native plugins compatible for Editor in 0.22 ms, found 0 plugins.
Preloading 0 native plugins for Editor in 0.00 ms.
Mono: successfully reloaded assembly
- Completed reload, in  0.661 seconds
Platform modules already initialized, skipping
Refreshing native plugins compatible for Editor in 0.22 ms, found 0 plugins.
Preloading 0 native plugins for Editor in 0.00 ms.
Unloading 1115 Unused Serialized files (Serialized files now loaded: 0)
System memory in use before: 60.8 MB.
System memory in use after: 60.9 MB.

Unloading 5 unused Assets to reduce memory usage. Loaded Objects now: 1573.
Total: 1.385400 ms (FindLiveObjects: 0.115500 ms CreateObjectMapping: 0.032200 ms MarkObjects: 1.196900 ms  DeleteObjects: 0.039800 ms)

========================================================================
Received Import Request.
  Time since last request: 21.552829 seconds.
  path: Assets/Objects/TripleShotPowerUp.prefab
  artifactKey: Guid(e8f6e35a23b556d47a582f22e114b0f8) Importer(815301076,1909f56bfc062723c751e8b465ee728b)
Start importing Assets/Objects/TripleShotPowerUp.prefab using Guid(e8f6e35a23b556d47a582f22e114b0f8) Importer(815301076,1909f56bfc062723c751e8b465ee728b)  -> (artifact id: '217049293f8b40bef3979fc70945eb2a') in 0.049170 seconds
  Import took 0.050932 seconds .

========================================================================
Received Import Request.
  Time since last request: 64.183294 seconds.
  path: Assets/Objects/TripleShotPowerUp.prefab
  artifactKey: Guid(e8f6e35a23b556d47a582f22e114b0f8) Importer(815301076,1909f56bfc062723c751e8b465ee728b)
Start importing Assets/Objects/TripleShotPowerUp.prefab using Guid(e8f6e35a23b556d47a582f22e114b0f8) Importer(815301076,1909f56bfc062723c751e8b465ee728b) The Animator Controller (TripleShotPowerUp 2) you have used is not valid. Animations will not play
UnityEngine.StackTraceUtility:ExtractStackTrace ()
UnityEditor.EditorUtility:Internal_InstantiateRemoveAllNonAnimationComponentsSingle (UnityEngine.Object,UnityEngine.Vector3,UnityEngine.Quaternion)
UnityEditor.EditorUtility:InstantiateRemoveAllNonAnimationComponents (UnityEngine.Object,UnityEngine.Vector3,UnityEngine.Quaternion)
UnityEditor.EditorUtility:InstantiateForAnimatorPreview (UnityEngine.Object)
UnityEditor.GameObjectInspector/PreviewData:UpdateGameObject (UnityEngine.Object)
UnityEditor.GameObjectInspector/PreviewData:.ctor (UnityEngine.Object)
UnityEditor.GameObjectInspector:GetPreviewData ()
UnityEditor.GameObjectInspector:RenderStaticPreview (string,UnityEngine.Object[],int,int)
UnityEditor.AssetPreviewUpdater:CreatePreviewForAsset (UnityEngine.Object,UnityEngine.Object[],string)

[C:\buildslave\unity\build\Modules/Animation/Director/AnimatorControllerPlayable.cpp line 333]

The Animator Controller (TripleShotPowerUp 2) you have used is not valid. Animations will not play
UnityEngine.StackTraceUtility:ExtractStackTrace ()
UnityEditor.EditorUtility:InitInstantiatedPreviewRecursive (UnityEngine.GameObject)
UnityEditor.EditorUtility:InstantiateForAnimatorPreview (UnityEngine.Object)
UnityEditor.GameObjectInspector/PreviewData:UpdateGameObject (UnityEngine.Object)
UnityEditor.GameObjectInspector/PreviewData:.ctor (UnityEngine.Object)
UnityEditor.GameObjectInspector:GetPreviewData ()
UnityEditor.GameObjectInspector:RenderStaticPreview (string,UnityEngine.Object[],int,int)
UnityEditor.AssetPreviewUpdater:CreatePreviewForAsset (UnityEngine.Object,UnityEngine.Object[],string)

[C:\buildslave\unity\build\Modules/Animation/Director/AnimatorControllerPlayable.cpp line 333]

 -> (artifact id: '5fe8d3656c7eefb8ed638cdc1dc88b3e') in 0.009853 seconds
  Import took 0.012372 seconds .

========================================================================
Received Prepare
Registering precompiled user dll's ...
Registered in 0.001152 seconds.
Begin MonoManager ReloadAssembly
Native extension for WindowsStandalone target not found
Refreshing native plugins compatible for Editor in 0.23 ms, found 0 plugins.
Preloading 0 native plugins for Editor in 0.00 ms.
Mono: successfully reloaded assembly
- Completed reload, in  0.663 seconds
Platform modules already initialized, skipping
Refreshing native plugins compatible for Editor in 0.22 ms, found 0 plugins.
Preloading 0 native plugins for Editor in 0.00 ms.
Unloading 1115 Unused Serialized files (Serialized files now loaded: 0)
System memory in use before: 61.0 MB.
System memory in use after: 61.0 MB.

Unloading 5 unused Assets to reduce memory usage. Loaded Objects now: 1577.
Total: 1.603100 ms (FindLiveObjects: 0.107000 ms CreateObjectMapping: 0.028100 ms MarkObjects: 1.428300 ms  DeleteObjects: 0.039000 ms)

========================================================================
Received Prepare
Registering precompiled user dll's ...
Registered in 0.000819 seconds.
Begin MonoManager ReloadAssembly
Native extension for WindowsStandalone target not found
Refreshing native plugins compatible for Editor in 0.22 ms, found 0 plugins.
Preloading 0 native plugins for Editor in 0.00 ms.
Mono: successfully reloaded assembly
- Completed reload, in  0.699 seconds
Platform modules already initialized, skipping
Refreshing native plugins compatible for Editor in 0.33 ms, found 0 plugins.
Preloading 0 native plugins for Editor in 0.00 ms.
Unloading 1115 Unused Serialized files (Serialized files now loaded: 0)
System memory in use before: 61.0 MB.
System memory in use after: 61.1 MB.

Unloading 5 unused Assets to reduce memory usage. Loaded Objects now: 1580.
Total: 1.550200 ms (FindLiveObjects: 0.127300 ms CreateObjectMapping: 0.029000 ms MarkObjects: 1.348300 ms  DeleteObjects: 0.044500 ms)

========================================================================
Received Prepare
Registering precompiled user dll's ...
Registered in 0.000855 seconds.
Begin MonoManager ReloadAssembly
Native extension for WindowsStandalone target not found
Refreshing native plugins compatible for Editor in 0.23 ms, found 0 plugins.
Preloading 0 native plugins for Editor in 0.00 ms.
Mono: successfully reloaded assembly
- Completed reload, in  0.671 seconds
Platform modules already initialized, skipping
Refreshing native plugins compatible for Editor in 0.23 ms, found 0 plugins.
Preloading 0 native plugins for Editor in 0.00 ms.
Unloading 1115 Unused Serialized files (Serialized files now loaded: 0)
System memory in use before: 61.0 MB.
System memory in use after: 61.1 MB.

Unloading 5 unused Assets to reduce memory usage. Loaded Objects now: 1583.
Total: 1.562600 ms (FindLiveObjects: 0.279000 ms CreateObjectMapping: 0.040900 ms MarkObjects: 1.199300 ms  DeleteObjects: 0.041800 ms)

========================================================================
Received Import Request.
  Time since last request: 406.073714 seconds.
  path: Assets/2D Galaxy Assets/Game/Sprites/Power_Ups/Shield/Powerup2_0008_00000.png
  artifactKey: Guid(e2f5f1638e62545a09c5d6e6d3643101) Importer(815301076,1909f56bfc062723c751e8b465ee728b)
Start importing Assets/2D Galaxy Assets/Game/Sprites/Power_Ups/Shield/Powerup2_0008_00000.png using Guid(e2f5f1638e62545a09c5d6e6d3643101) Importer(815301076,1909f56bfc062723c751e8b465ee728b)  -> (artifact id: 'b8b4e088477e63aba3449281df316ddb') in 0.052081 seconds
  Import took 0.053969 seconds .

========================================================================
Received Import Request.
  Time since last request: 0.274919 seconds.
  path: Assets/2D Galaxy Assets/Game/Sprites/Power_Ups/Shield
  artifactKey: Guid(fb798e3e9a561994c8103f1958160eea) Importer(815301076,1909f56bfc062723c751e8b465ee728b)
Start importing Assets/2D Galaxy Assets/Game/Sprites/Power_Ups/Shield using Guid(fb798e3e9a561994c8103f1958160eea) Importer(815301076,1909f56bfc062723c751e8b465ee728b)  -> (artifact id: 'ee7005654ad8d9eb044dd8cc108c524f') in 0.003379 seconds
  Import took 0.006540 seconds .

========================================================================
Received Import Request.
  Time since last request: 0.000799 seconds.
  path: Assets/2D Galaxy Assets/Game/Sprites/Power_Ups/Shield
  artifactKey: Guid(fb798e3e9a561994c8103f1958160eea) Importer(815301076,1909f56bfc062723c751e8b465ee728b)
Start importing Assets/2D Galaxy Assets/Game/Sprites/Power_Ups/Shield using Guid(fb798e3e9a561994c8103f1958160eea) Importer(815301076,1909f56bfc062723c751e8b465ee728b)  -> (artifact id: 'ee7005654ad8d9eb044dd8cc108c524f') in 0.002479 seconds
  Import took 0.004350 seconds .

========================================================================
Received Import Request.
  Time since last request: 114.655958 seconds.
  path: Assets/Objects/Shield_Pu.prefab
  artifactKey: Guid(a8f272d3e7d122845b0d4232a01c1856) Importer(815301076,1909f56bfc062723c751e8b465ee728b)
Start importing Assets/Objects/Shield_Pu.prefab using Guid(a8f272d3e7d122845b0d4232a01c1856) Importer(815301076,1909f56bfc062723c751e8b465ee728b) The Animator Controller (Shield_Pu) you have used is not valid. Animations will not play
UnityEngine.StackTraceUtility:ExtractStackTrace ()
UnityEditor.EditorUtility:Internal_InstantiateRemoveAllNonAnimationComponentsSingle (UnityEngine.Object,UnityEngine.Vector3,UnityEngine.Quaternion)
UnityEditor.EditorUtility:InstantiateRemoveAllNonAnimationComponents (UnityEngine.Object,UnityEngine.Vector3,UnityEngine.Quaternion)
UnityEditor.EditorUtility:InstantiateForAnimatorPreview (UnityEngine.Object)
UnityEditor.GameObjectInspector/PreviewData:UpdateGameObject (UnityEngine.Object)
UnityEditor.GameObjectInspector/PreviewData:.ctor (UnityEngine.Object)
UnityEditor.GameObjectInspector:GetPreviewData ()
UnityEditor.GameObjectInspector:RenderStaticPreview (string,UnityEngine.Object[],int,int)
UnityEditor.AssetPreviewUpdater:CreatePreviewForAsset (UnityEngine.Object,UnityEngine.Object[],string)

[C:\buildslave\unity\build\Modules/Animation/Director/AnimatorControllerPlayable.cpp line 333]

The Animator Controller (Shield_Pu) you have used is not valid. Animations will not play
UnityEngine.StackTraceUtility:ExtractStackTrace ()
UnityEditor.EditorUtility:InitInstantiatedPreviewRecursive (UnityEngine.GameObject)
UnityEditor.EditorUtility:InstantiateForAnimatorPreview (UnityEngine.Object)
UnityEditor.GameObjectInspector/PreviewData:UpdateGameObject (UnityEngine.Object)
UnityEditor.GameObjectInspector/PreviewData:.ctor (UnityEngine.Object)
UnityEditor.GameObjectInspector:GetPreviewData ()
UnityEditor.GameObjectInspector:RenderStaticPreview (string,UnityEngine.Object[],int,int)
UnityEditor.AssetPreviewUpdater:CreatePreviewForAsset (UnityEngine.Object,UnityEngine.Object[],string)

[C:\buildslave\unity\build\Modules/Animation/Director/AnimatorControllerPlayable.cpp line 333]

 -> (artifact id: '44258db233b38b233ac98e06b7713582') in 0.032541 seconds
  Import took 0.035271 seconds .

========================================================================
Received Import Request.
  Time since last request: 32.889741 seconds.
  path: Assets/Scripts/SpawnManager.cs
  artifactKey: Guid(9cd2373913c872c4ba9a67c41203a125) Importer(815301076,1909f56bfc062723c751e8b465ee728b)
Start importing Assets/Scripts/SpawnManager.cs using Guid(9cd2373913c872c4ba9a67c41203a125) Importer(815301076,1909f56bfc062723c751e8b465ee728b)  -> (artifact id: 'b5c4b69528028122326502ff73e7cc6c') in 0.002473 seconds
  Import took 0.004145 seconds .

========================================================================
Received Import Request.
  Time since last request: 0.001514 seconds.
  path: Assets/Scripts/SpawnManager.cs
  artifactKey: Guid(9cd2373913c872c4ba9a67c41203a125) Importer(815301076,1909f56bfc062723c751e8b465ee728b)
Start importing Assets/Scripts/SpawnManager.cs using Guid(9cd2373913c872c4ba9a67c41203a125) Importer(815301076,1909f56bfc062723c751e8b465ee728b)  -> (artifact id: 'b5c4b69528028122326502ff73e7cc6c') in 0.002376 seconds
  Import took 0.004027 seconds .

========================================================================
Received Prepare
Registering precompiled user dll's ...
Registered in 0.000781 seconds.
Begin MonoManager ReloadAssembly
Native extension for WindowsStandalone target not found
Refreshing native plugins compatible for Editor in 0.27 ms, found 0 plugins.
Preloading 0 native plugins for Editor in 0.00 ms.
Mono: successfully reloaded assembly
- Completed reload, in  0.700 seconds
Platform modules already initialized, skipping
Refreshing native plugins compatible for Editor in 0.41 ms, found 0 plugins.
Preloading 0 native plugins for Editor in 0.00 ms.
Unloading 1115 Unused Serialized files (Serialized files now loaded: 0)
System memory in use before: 61.0 MB.
System memory in use after: 61.1 MB.

Unloading 5 unused Assets to reduce memory usage. Loaded Objects now: 1589.
Total: 1.561400 ms (FindLiveObjects: 0.130900 ms CreateObjectMapping: 0.031300 ms MarkObjects: 1.357000 ms  DeleteObjects: 0.041500 ms)

========================================================================
Received Import Request.
  Time since last request: 19.943666 seconds.
  path: Assets/Objects/Shield_Pu.prefab
  artifactKey: Guid(a8f272d3e7d122845b0d4232a01c1856) Importer(815301076,1909f56bfc062723c751e8b465ee728b)
Start importing Assets/Objects/Shield_Pu.prefab using Guid(a8f272d3e7d122845b0d4232a01c1856) Importer(815301076,1909f56bfc062723c751e8b465ee728b) The Animator Controller (Shield_Pu) you have used is not valid. Animations will not play
UnityEngine.StackTraceUtility:ExtractStackTrace ()
UnityEditor.EditorUtility:Internal_InstantiateRemoveAllNonAnimationComponentsSingle (UnityEngine.Object,UnityEngine.Vector3,UnityEngine.Quaternion)
UnityEditor.EditorUtility:InstantiateRemoveAllNonAnimationComponents (UnityEngine.Object,UnityEngine.Vector3,UnityEngine.Quaternion)
UnityEditor.EditorUtility:InstantiateForAnimatorPreview (UnityEngine.Object)
UnityEditor.GameObjectInspector/PreviewData:UpdateGameObject (UnityEngine.Object)
UnityEditor.GameObjectInspector/PreviewData:.ctor (UnityEngine.Object)
UnityEditor.GameObjectInspector:GetPreviewData ()
UnityEditor.GameObjectInspector:RenderStaticPreview (string,UnityEngine.Object[],int,int)
UnityEditor.AssetPreviewUpdater:CreatePreviewForAsset (UnityEngine.Object,UnityEngine.Object[],string)

[C:\buildslave\unity\build\Modules/Animation/Director/AnimatorControllerPlayable.cpp line 333]

The Animator Controller (Shield_Pu) you have used is not valid. Animations will not play
UnityEngine.StackTraceUtility:ExtractStackTrace ()
UnityEditor.EditorUtility:InitInstantiatedPreviewRecursive (UnityEngine.GameObject)
UnityEditor.EditorUtility:InstantiateForAnimatorPreview (UnityEngine.Object)
UnityEditor.GameObjectInspector/PreviewData:UpdateGameObject (UnityEngine.Object)
UnityEditor.GameObjectInspector/PreviewData:.ctor (UnityEngine.Object)
UnityEditor.GameObjectInspector:GetPreviewData ()
UnityEditor.GameObjectInspector:RenderStaticPreview (string,UnityEngine.Object[],int,int)
UnityEditor.AssetPreviewUpdater:CreatePreviewForAsset (UnityEngine.Object,UnityEngine.Object[],string)

[C:\buildslave\unity\build\Modules/Animation/Director/AnimatorControllerPlayable.cpp line 333]

 -> (artifact id: 'e16bdcca5f2c4fdbd3cac3c7666dee58') in 0.053078 seconds
  Import took 0.056528 seconds .

========================================================================
Received Import Request.
  Time since last request: 5.061300 seconds.
  path: Assets/Objects/Shield_Pu.prefab
  artifactKey: Guid(a8f272d3e7d122845b0d4232a01c1856) Importer(815301076,1909f56bfc062723c751e8b465ee728b)
Start importing Assets/Objects/Shield_Pu.prefab using Guid(a8f272d3e7d122845b0d4232a01c1856) Importer(815301076,1909f56bfc062723c751e8b465ee728b) The Animator Controller (Shield_Pu) you have used is not valid. Animations will not play
UnityEngine.StackTraceUtility:ExtractStackTrace ()
UnityEditor.EditorUtility:Internal_InstantiateRemoveAllNonAnimationComponentsSingle (UnityEngine.Object,UnityEngine.Vector3,UnityEngine.Quaternion)
UnityEditor.EditorUtility:InstantiateRemoveAllNonAnimationComponents (UnityEngine.Object,UnityEngine.Vector3,UnityEngine.Quaternion)
UnityEditor.EditorUtility:InstantiateForAnimatorPreview (UnityEngine.Object)
UnityEditor.GameObjectInspector/PreviewData:UpdateGameObject (UnityEngine.Object)
UnityEditor.GameObjectInspector/PreviewData:.ctor (UnityEngine.Object)
UnityEditor.GameObjectInspector:GetPreviewData ()
UnityEditor.GameObjectInspector:RenderStaticPreview (string,UnityEngine.Object[],int,int)
UnityEditor.AssetPreviewUpdater:CreatePreviewForAsset (UnityEngine.Object,UnityEngine.Object[],string)

[C:\buildslave\unity\build\Modules/Animation/Director/AnimatorControllerPlayable.cpp line 333]

The Animator Controller (Shield_Pu) you have used is not valid. Animations will not play
UnityEngine.StackTraceUtility:ExtractStackTrace ()
UnityEditor.EditorUtility:InitInstantiatedPreviewRecursive (UnityEngine.GameObject)
UnityEditor.EditorUtility:InstantiateForAnimatorPreview (UnityEngine.Object)
UnityEditor.GameObjectInspector/PreviewData:UpdateGameObject (UnityEngine.Object)
UnityEditor.GameObjectInspector/PreviewData:.ctor (UnityEngine.Object)
UnityEditor.GameObjectInspector:GetPreviewData ()
UnityEditor.GameObjectInspector:RenderStaticPreview (string,UnityEngine.Object[],int,int)
UnityEditor.AssetPreviewUpdater:CreatePreviewForAsset (UnityEngine.Object,UnityEngine.Object[],string)

[C:\buildslave\unity\build\Modules/Animation/Director/AnimatorControllerPlayable.cpp line 333]

 -> (artifact id: 'afbc7904d122bdb1e2295bd20e217f3e') in 0.008468 seconds
  Import took 0.010221 seconds .

========================================================================
Received Prepare
Registering precompiled user dll's ...
Registered in 0.000824 seconds.
Begin MonoManager ReloadAssembly
Native extension for WindowsStandalone target not found
Refreshing native plugins compatible for Editor in 0.21 ms, found 0 plugins.
Preloading 0 native plugins for Editor in 0.00 ms.
Mono: successfully reloaded assembly
- Completed reload, in  0.660 seconds
Platform modules already initialized, skipping
Refreshing native plugins compatible for Editor in 0.22 ms, found 0 plugins.
Preloading 0 native plugins for Editor in 0.00 ms.
Unloading 1115 Unused Serialized files (Serialized files now loaded: 0)
System memory in use before: 61.0 MB.
System memory in use after: 61.1 MB.

Unloading 5 unused Assets to reduce memory usage. Loaded Objects now: 1593.
Total: 1.587000 ms (FindLiveObjects: 0.120400 ms CreateObjectMapping: 0.027800 ms MarkObjects: 1.384300 ms  DeleteObjects: 0.053700 ms)

========================================================================
Received Prepare
Registering precompiled user dll's ...
Registered in 0.000769 seconds.
Begin MonoManager ReloadAssembly
Native extension for WindowsStandalone target not found
Refreshing native plugins compatible for Editor in 0.22 ms, found 0 plugins.
Preloading 0 native plugins for Editor in 0.00 ms.
Mono: successfully reloaded assembly
- Completed reload, in  0.684 seconds
Platform modules already initialized, skipping
Refreshing native plugins compatible for Editor in 0.21 ms, found 0 plugins.
Preloading 0 native plugins for Editor in 0.00 ms.
Unloading 1115 Unused Serialized files (Serialized files now loaded: 0)
System memory in use before: 61.0 MB.
System memory in use after: 61.1 MB.

Unloading 5 unused Assets to reduce memory usage. Loaded Objects now: 1596.
Total: 1.640200 ms (FindLiveObjects: 0.220700 ms CreateObjectMapping: 0.059500 ms MarkObjects: 1.313700 ms  DeleteObjects: 0.045000 ms)

========================================================================
Received Import Request.
  Time since last request: 441.222781 seconds.
  path: Assets/Scripts/Player.cs
  artifactKey: Guid(9691e6c86cb8dc24a9d2d746a9a7e6c7) Importer(815301076,1909f56bfc062723c751e8b465ee728b)
Start importing Assets/Scripts/Player.cs using Guid(9691e6c86cb8dc24a9d2d746a9a7e6c7) Importer(815301076,1909f56bfc062723c751e8b465ee728b)  -> (artifact id: '3b8bc095eb6c11be3e9c8f5076754580') in 0.004000 seconds
  Import took 0.005648 seconds .

========================================================================
Received Import Request.
  Time since last request: 16.358315 seconds.
  path: Assets/2D Galaxy Assets/Game/Sprites/Player_Shield
  artifactKey: Guid(9d7121be3aa71fc459a3987a4b32a7ad) Importer(815301076,1909f56bfc062723c751e8b465ee728b)
Start importing Assets/2D Galaxy Assets/Game/Sprites/Player_Shield using Guid(9d7121be3aa71fc459a3987a4b32a7ad) Importer(815301076,1909f56bfc062723c751e8b465ee728b)  -> (artifact id: '6391e099f061ace58fb64f4e40b09ec3') in 0.003612 seconds
  Import took 0.005491 seconds .

========================================================================
Received Import Request.
  Time since last request: 0.000792 seconds.
  path: Assets/2D Galaxy Assets/Game/Sprites/Player_Shield
  artifactKey: Guid(9d7121be3aa71fc459a3987a4b32a7ad) Importer(815301076,1909f56bfc062723c751e8b465ee728b)
Start importing Assets/2D Galaxy Assets/Game/Sprites/Player_Shield using Guid(9d7121be3aa71fc459a3987a4b32a7ad) Importer(815301076,1909f56bfc062723c751e8b465ee728b)  -> (artifact id: '6391e099f061ace58fb64f4e40b09ec3') in 0.002473 seconds
  Import took 0.004155 seconds .

========================================================================
Received Import Request.
  Time since last request: 1.184695 seconds.
  path: Assets/2D Galaxy Assets/Game/Sprites/Player_Shield/Shields_00000.png
  artifactKey: Guid(333b0196b7a764df5a7768ead9b69dbc) Importer(815301076,1909f56bfc062723c751e8b465ee728b)
Start importing Assets/2D Galaxy Assets/Game/Sprites/Player_Shield/Shields_00000.png using Guid(333b0196b7a764df5a7768ead9b69dbc) Importer(815301076,1909f56bfc062723c751e8b465ee728b)  -> (artifact id: 'b152a391a293a0fee222bf712c9076f3') in 0.041615 seconds
  Import took 0.043450 seconds .

========================================================================
Received Prepare
Registering precompiled user dll's ...
Registered in 0.001236 seconds.
Begin MonoManager ReloadAssembly
Native extension for WindowsStandalone target not found
Refreshing native plugins compatible for Editor in 0.23 ms, found 0 plugins.
Preloading 0 native plugins for Editor in 0.00 ms.
Mono: successfully reloaded assembly
- Completed reload, in  0.677 seconds
Platform modules already initialized, skipping
Refreshing native plugins compatible for Editor in 0.22 ms, found 0 plugins.
Preloading 0 native plugins for Editor in 0.00 ms.
Unloading 1115 Unused Serialized files (Serialized files now loaded: 0)
System memory in use before: 61.1 MB.
System memory in use after: 61.1 MB.

Unloading 5 unused Assets to reduce memory usage. Loaded Objects now: 1600.
Total: 1.578000 ms (FindLiveObjects: 0.111100 ms CreateObjectMapping: 0.027800 ms MarkObjects: 1.395100 ms  DeleteObjects: 0.043200 ms)

========================================================================
Received Import Request.
  Time since last request: 92.631089 seconds.
  path: Assets/Objects/Speed_PU.prefab
  artifactKey: Guid(78249698a61f8374b83686fc4231c93d) Importer(815301076,1909f56bfc062723c751e8b465ee728b)
Start importing Assets/Objects/Speed_PU.prefab using Guid(78249698a61f8374b83686fc4231c93d) Importer(815301076,1909f56bfc062723c751e8b465ee728b)  -> (artifact id: 'e9f1c314e4bba4000ea6626e6594fd7b') in 0.046472 seconds
  Import took 0.048312 seconds .

========================================================================
Received Import Request.
  Time since last request: 4.088901 seconds.
  path: Assets/Objects/Shield_Pu.prefab
  artifactKey: Guid(a8f272d3e7d122845b0d4232a01c1856) Importer(815301076,1909f56bfc062723c751e8b465ee728b)
Start importing Assets/Objects/Shield_Pu.prefab using Guid(a8f272d3e7d122845b0d4232a01c1856) Importer(815301076,1909f56bfc062723c751e8b465ee728b) The Animator Controller (Shield_Pu) you have used is not valid. Animations will not play
UnityEngine.StackTraceUtility:ExtractStackTrace ()
UnityEditor.EditorUtility:Internal_InstantiateRemoveAllNonAnimationComponentsSingle (UnityEngine.Object,UnityEngine.Vector3,UnityEngine.Quaternion)
UnityEditor.EditorUtility:InstantiateRemoveAllNonAnimationComponents (UnityEngine.Object,UnityEngine.Vector3,UnityEngine.Quaternion)
UnityEditor.EditorUtility:InstantiateForAnimatorPreview (UnityEngine.Object)
UnityEditor.GameObjectInspector/PreviewData:UpdateGameObject (UnityEngine.Object)
UnityEditor.GameObjectInspector/PreviewData:.ctor (UnityEngine.Object)
UnityEditor.GameObjectInspector:GetPreviewData ()
UnityEditor.GameObjectInspector:RenderStaticPreview (string,UnityEngine.Object[],int,int)
UnityEditor.AssetPreviewUpdater:CreatePreviewForAsset (UnityEngine.Object,UnityEngine.Object[],string)

[C:\buildslave\unity\build\Modules/Animation/Director/AnimatorControllerPlayable.cpp line 333]

The Animator Controller (Shield_Pu) you have used is not valid. Animations will not play
UnityEngine.StackTraceUtility:ExtractStackTrace ()
UnityEditor.EditorUtility:InitInstantiatedPreviewRecursive (UnityEngine.GameObject)
UnityEditor.EditorUtility:InstantiateForAnimatorPreview (UnityEngine.Object)
UnityEditor.GameObjectInspector/PreviewData:UpdateGameObject (UnityEngine.Object)
UnityEditor.GameObjectInspector/PreviewData:.ctor (UnityEngine.Object)
UnityEditor.GameObjectInspector:GetPreviewData ()
UnityEditor.GameObjectInspector:RenderStaticPreview (string,UnityEngine.Object[],int,int)
UnityEditor.AssetPreviewUpdater:CreatePreviewForAsset (UnityEngine.Object,UnityEngine.Object[],string)

[C:\buildslave\unity\build\Modules/Animation/Director/AnimatorControllerPlayable.cpp line 333]

 -> (artifact id: '75e617fd757ecd1cbe20f98369f65da3') in 0.008561 seconds
  Import took 0.010513 seconds .

AssetImportWorkerClient::OnTransportError - code=2 error=End of file
